<?xml version="1.0" encoding="UTF-8"?>
<testng-results skipped="0" failed="0" ignored="0" total="2" passed="2">
  <reporter-output>
  </reporter-output>
  <suite name="Default suite" duration-ms="30335" started-at="2018-10-11T00:53:45Z" finished-at="2018-10-11T00:54:15Z">
    <groups>
    </groups>
    <test name="Default test" duration-ms="30335" started-at="2018-10-11T00:53:45Z" finished-at="2018-10-11T00:54:15Z">
      <class name="Testcase.LoginTest">
        <test-method status="PASS" signature="setup()[pri:0, instance:Testcase.LoginTest@77caeb3e]" name="setup" is-config="true" duration-ms="11628" started-at="2018-10-10T17:53:45Z" finished-at="2018-10-10T17:53:57Z">
          <reporter-output>
          </reporter-output>
        </test-method> <!-- setup -->
        <test-method status="PASS" signature="login()[pri:1, instance:Testcase.LoginTest@77caeb3e]" name="login" duration-ms="12247" started-at="2018-10-10T17:53:57Z" finished-at="2018-10-10T17:54:09Z">
          <reporter-output>
          </reporter-output>
        </test-method> <!-- login -->
        <test-method status="PASS" signature="verifyTitle()[pri:2, instance:Testcase.LoginTest@77caeb3e]" name="verifyTitle" duration-ms="5046" started-at="2018-10-10T17:54:09Z" finished-at="2018-10-10T17:54:14Z">
          <reporter-output>
          </reporter-output>
        </test-method> <!-- verifyTitle -->
        <test-method status="PASS" signature="teardown()[pri:0, instance:Testcase.LoginTest@77caeb3e]" name="teardown" is-config="true" duration-ms="1373" started-at="2018-10-10T17:54:14Z" finished-at="2018-10-10T17:54:15Z">
          <reporter-output>
          </reporter-output>
        </test-method> <!-- teardown -->
      </class> <!-- Testcase.LoginTest -->
    </test> <!-- Default test -->
  </suite> <!-- Default suite -->
</testng-results>
